Start testing: May 05 17:43 CEST
----------------------------------------------------------
Unable to find executable: test_lib
1/1 Testing: test_lib
1/1 Test: test_lib
Command: ""
Directory: /home/ruhtra/trav/structurededonne
"test_lib" start time: 
Output:
----------------------------------------------------------
<end of output>
Test time =   0.00 sec
----------------------------------------------------------
Test Passed.
"test_lib" end time: May 05 17:43 CEST
"test_lib" time elapsed: 00:00:00
----------------------------------------------------------

End testing: May 05 17:43 CEST
